Flow report for HA
Mon Mar 04 17:25:02 2024
Quartus II 64-Bit Version 13.1.0 Build 162 10/23/2013 SJ Web Edition


---------------------
; Table of Contents ;
---------------------
  1. Legal Notice
  2. Flow Summary
  3. Flow Settings
  4. Flow Non-Default Global Settings
  5. Flow Elapsed Time
  6. Flow OS Summary
  7. Flow Log
  8. Flow Messages
  9. Flow Suppressed Messages



----------------
; Legal Notice ;
----------------
Copyright (C) 1991-2013 Altera Corporation
Your use of Altera Corporation's design tools, logic functions 
and other software and tools, and its AMPP partner logic 
functions, and any output files from any of the foregoing 
(including device programming or simulation files), and any 
associated documentation or information are expressly subject 
to the terms and conditions of the Altera Program License 
Subscription Agreement, Altera MegaCore Function License 
Agreement, or other applicable license agreement, including, 
without limitation, that your use is for the sole purpose of 
programming logic devices manufactured by Altera and sold by 
Altera or its authorized distributors.  Please refer to the 
applicable agreement for further details.



+------------------------------------------------------------------------+
; Flow Summary                                                           ;
+---------------------------+--------------------------------------------+
; Flow Status               ; Successful - Mon Mar 04 17:25:02 2024      ;
; Quartus II 64-Bit Version ; 13.1.0 Build 162 10/23/2013 SJ Web Edition ;
; Revision Name             ; HA                                         ;
; Top-level Entity Name     ; HA                                         ;
; Family                    ; MAX II                                     ;
; Device                    ; EPM240M100C4                               ;
; Timing Models             ; Final                                      ;
; Total logic elements      ; 2 / 240 ( < 1 % )                          ;
; Total pins                ; 4 / 80 ( 5 % )                             ;
; Total virtual pins        ; 0                                          ;
; UFM blocks                ; 0 / 1 ( 0 % )                              ;
+---------------------------+--------------------------------------------+


+-----------------------------------------+
; Flow Settings                           ;
+-------------------+---------------------+
; Option            ; Setting             ;
+-------------------+---------------------+
; Start date & time ; 03/04/2024 17:24:54 ;
; Main task         ; Compilation         ;
; Revision Name     ; HA                  ;
+-------------------+---------------------+


+---------------------------------------------------------------------------------------------------------------------------------------------------------------------------------------------------------------------------------------------------------------------------------------------------+
; Flow Non-Default Global Settings                                                                                                                                                                                                                                                                  ;
+-----------------------------------------------------------+------------------------------------------------------------------------------------------------------------------------------------------------------------------------+---------------+-------------+--------------------------------+
; Assignment Name                                           ; Value                                                                                                                                                                  ; Default Value ; Entity Name ; Section Id                     ;
+-----------------------------------------------------------+------------------------------------------------------------------------------------------------------------------------------------------------------------------------+---------------+-------------+--------------------------------+
; ALLOW_LVTTL_LVCMOS_INPUT_LEVELS_TO_OVERDRIVE_INPUT_BUFFER ; On                                                                                                                                                                     ; Off           ; --          ; --                             ;
; COMPILER_SIGNATURE_ID                                     ; 66640974875400.170955329419012                                                                                                                                         ; --            ; --          ; --                             ;
; DISABLE_DA_RULE                                           ; C101, C102, C103, C104, C105, C106, R101, R102, R103, R104, R105, T101, T102, A101, A102, A103, A104, A105, A106, A107, A108, S101, S102, S103, S104, D101, D102, D103 ; --            ; --          ; --                             ;
; EDA_BOARD_DESIGN_BOUNDARY_SCAN_TOOL                       ; BSDL (Boundary Scan)                                                                                                                                                   ; <None>        ; --          ; --                             ;
; EDA_BOARD_DESIGN_SYMBOL_TOOL                              ; FPGA Xchange (Symbol)                                                                                                                                                  ; <None>        ; --          ; --                             ;
; EDA_BOARD_DESIGN_TIMING_TOOL                              ; Stamp (Timing)                                                                                                                                                         ; <None>        ; --          ; --                             ;
; EDA_INPUT_DATA_FORMAT                                     ; Edif                                                                                                                                                                   ; --            ; --          ; eda_design_synthesis           ;
; EDA_MAP_ILLEGAL_CHARACTERS                                ; On                                                                                                                                                                     ; --            ; --          ; eda_simulation                 ;
; EDA_OUTPUT_DATA_FORMAT                                    ; Vhdl                                                                                                                                                                   ; --            ; --          ; eda_simulation                 ;
; EDA_OUTPUT_DATA_FORMAT                                    ; Fpga Xchange                                                                                                                                                           ; --            ; --          ; eda_board_design_symbol        ;
; EDA_OUTPUT_DATA_FORMAT                                    ; Stamp                                                                                                                                                                  ; --            ; --          ; eda_board_design_timing        ;
; EDA_OUTPUT_DATA_FORMAT                                    ; Bsdl                                                                                                                                                                   ; --            ; --          ; eda_board_design_boundary_scan ;
; EDA_RUN_TOOL_AUTOMATICALLY                                ; On                                                                                                                                                                     ; --            ; --          ; eda_simulation                 ;
; EDA_SIMULATION_TOOL                                       ; ModelSim-Altera (VHDL)                                                                                                                                                 ; <None>        ; --          ; --                             ;
; ENABLE_DA_RULE                                            ; A109, A110                                                                                                                                                             ; --            ; --          ; --                             ;
; MAX_CORE_JUNCTION_TEMP                                    ; 85                                                                                                                                                                     ; --            ; --          ; --                             ;
; MIN_CORE_JUNCTION_TEMP                                    ; 0                                                                                                                                                                      ; --            ; --          ; --                             ;
; POWER_PRESET_COOLING_SOLUTION                             ; No Heat Sink With Still Air                                                                                                                                            ; --            ; --          ; --                             ;
; PROJECT_OUTPUT_DIRECTORY                                  ; output_files                                                                                                                                                           ; --            ; --          ; --                             ;
; TIMEQUEST_MULTICORNER_ANALYSIS                            ; On                                                                                                                                                                     ; Off           ; --          ; --                             ;
; VERILOG_SHOW_LMF_MAPPING_MESSAGES                         ; On                                                                                                                                                                     ; --            ; --          ; --                             ;
+-----------------------------------------------------------+------------------------------------------------------------------------------------------------------------------------------------------------------------------------+---------------+-------------+--------------------------------+


+-------------------------------------------------------------------------------------------------------------------------------+
; Flow Elapsed Time                                                                                                             ;
+---------------------------+--------------+-------------------------+---------------------+------------------------------------+
; Module Name               ; Elapsed Time ; Average Processors Used ; Peak Virtual Memory ; Total CPU Time (on all processors) ;
+---------------------------+--------------+-------------------------+---------------------+------------------------------------+
; Analysis & Synthesis      ; 00:00:00     ; 1.0                     ; 4589 MB             ; 00:00:00                           ;
; Fitter                    ; 00:00:01     ; 1.0                     ; 4826 MB             ; 00:00:01                           ;
; Assembler                 ; 00:00:01     ; 1.0                     ; 4549 MB             ; 00:00:00                           ;
; TimeQuest Timing Analyzer ; 00:00:01     ; 1.0                     ; 4544 MB             ; 00:00:00                           ;
; EDA Netlist Writer        ; 00:00:00     ; 1.0                     ; 4508 MB             ; 00:00:00                           ;
; Total                     ; 00:00:03     ; --                      ; --                  ; 00:00:01                           ;
+---------------------------+--------------+-------------------------+---------------------+------------------------------------+


+----------------------------------------------------------------------------------------+
; Flow OS Summary                                                                        ;
+---------------------------+------------------+-----------+------------+----------------+
; Module Name               ; Machine Hostname ; OS Name   ; OS Version ; Processor type ;
+---------------------------+------------------+-----------+------------+----------------+
; Analysis & Synthesis      ; LAPTOP-DUBV3AUS  ; Windows 7 ; 6.2        ; x86_64         ;
; Fitter                    ; LAPTOP-DUBV3AUS  ; Windows 7 ; 6.2        ; x86_64         ;
; Assembler                 ; LAPTOP-DUBV3AUS  ; Windows 7 ; 6.2        ; x86_64         ;
; TimeQuest Timing Analyzer ; LAPTOP-DUBV3AUS  ; Windows 7 ; 6.2        ; x86_64         ;
; EDA Netlist Writer        ; LAPTOP-DUBV3AUS  ; Windows 7 ; 6.2        ; x86_64         ;
+---------------------------+------------------+-----------+------------+----------------+


------------
; Flow Log ;
------------
quartus_map --read_settings_files=on --write_settings_files=off gatelevel -c HA
quartus_fit --read_settings_files=off --write_settings_files=off gatelevel -c HA
quartus_asm --read_settings_files=off --write_settings_files=off gatelevel -c HA
quartus_sta gatelevel -c HA
quartus_eda --read_settings_files=off --write_settings_files=off gatelevel -c HA



